The target system is: Android - 1 - i686
The host system is: Linux - 4.15.0-88-generic - x86_64
Determining if the C compiler works passed with the following output:
Change Dir: /home/sam/AssimpAndroid-master/HelloJNI/app/.cxx/cmake/x86Release/x86/CMakeFiles/CMakeTmp

Run Build Command:"/home/sam/Android/Sdk/cmake/3.10.2.4988404/bin/ninja" "cmTC_45659"
[1/2] Building C object CMakeFiles/cmTC_45659.dir/testCCompiler.c.o
[2/2] Linking C executable cmTC_45659


Detecting C compiler ABI info compiled with the following output:
Change Dir: /home/sam/AssimpAndroid-master/HelloJNI/app/.cxx/cmake/x86Release/x86/CMakeFiles/CMakeTmp

Run Build Command:"/home/sam/Android/Sdk/cmake/3.10.2.4988404/bin/ninja" "cmTC_bd74e"
[1/2] Building C object CMakeFiles/cmTC_bd74e.dir/CMakeCCompilerABI.c.o
[2/2] Linking C executable cmTC_bd74e
Android clang version 3.8.256229  (based on LLVM 3.8.256229)
Target: i686-none-linux-android
Thread model: posix
InstalledDir: /home/sam/android-ndk-r13b/toolchains/llvm/prebuilt/linux-x86_64/bin
Found candidate GCC installation: /home/sam/android-ndk-r13b/toolchains/x86-4.9/prebuilt/linux-x86_64/lib/gcc/i686-linux-android/4.9.x
Selected GCC installation: /home/sam/android-ndk-r13b/toolchains/x86-4.9/prebuilt/linux-x86_64/lib/gcc/i686-linux-android/4.9.x
Candidate multilib: .;@m32
Selected multilib: .;@m32
 "/home/sam/android-ndk-r13b/toolchains/x86-4.9/prebuilt/linux-x86_64/lib/gcc/i686-linux-android/4.9.x/../../../../i686-linux-android/bin/ld" --sysroot=/home/sam/android-ndk-r13b/platforms/android-23/arch-x86 -pie -z relro --build-id --eh-frame-hdr -m elf_i386 -dynamic-linker /system/bin/linker -o cmTC_bd74e /home/sam/android-ndk-r13b/platforms/android-23/arch-x86/usr/lib/crtbegin_dynamic.o -L/home/sam/android-ndk-r13b/toolchains/x86-4.9/prebuilt/linux-x86_64/lib/gcc/i686-linux-android/4.9.x -L/home/sam/android-ndk-r13b/toolchains/x86-4.9/prebuilt/linux-x86_64/lib/gcc/i686-linux-android/4.9.x/../../../../i686-linux-android/lib -L/home/sam/android-ndk-r13b/platforms/android-23/arch-x86/usr/lib --build-id --warn-shared-textrel --fatal-warnings --no-undefined -z noexecstack -z relro -z now --gc-sections -z nocopyreloc --build-id --warn-shared-textrel --fatal-warnings --no-undefined -z noexecstack -z relro -z now --gc-sections -z nocopyreloc CMakeFiles/cmTC_bd74e.dir/CMakeCCompilerABI.c.o -lgcc -ldl -lc -lgcc -ldl /home/sam/android-ndk-r13b/platforms/android-23/arch-x86/usr/lib/crtend_android.o


Parsed C implicit link information from above output:
  link line regex: [^( *|.*[/\])(i686-linux-android-ld|CMAKE_LINK_STARTFILE-NOTFOUND|([^/\]+-)?ld|collect2)[^/\]*( |$)]
  ignore line: [Change Dir: /home/sam/AssimpAndroid-master/HelloJNI/app/.cxx/cmake/x86Release/x86/CMakeFiles/CMakeTmp]
  ignore line: []
  ignore line: [Run Build Command:"/home/sam/Android/Sdk/cmake/3.10.2.4988404/bin/ninja" "cmTC_bd74e"]
  ignore line: [[1/2] Building C object CMakeFiles/cmTC_bd74e.dir/CMakeCCompilerABI.c.o]
  ignore line: [[2/2] Linking C executable cmTC_bd74e]
  ignore line: [Android clang version 3.8.256229  (based on LLVM 3.8.256229)]
  ignore line: [Target: i686-none-linux-android]
  ignore line: [Thread model: posix]
  ignore line: [InstalledDir: /home/sam/android-ndk-r13b/toolchains/llvm/prebuilt/linux-x86_64/bin]
  ignore line: [Found candidate GCC installation: /home/sam/android-ndk-r13b/toolchains/x86-4.9/prebuilt/linux-x86_64/lib/gcc/i686-linux-android/4.9.x]
  ignore line: [Selected GCC installation: /home/sam/android-ndk-r13b/toolchains/x86-4.9/prebuilt/linux-x86_64/lib/gcc/i686-linux-android/4.9.x]
  ignore line: [Candidate multilib: .]
  ignore line: [@m32]
  ignore line: [Selected multilib: .]
  ignore line: [@m32]
  link line: [ "/home/sam/android-ndk-r13b/toolchains/x86-4.9/prebuilt/linux-x86_64/lib/gcc/i686-linux-android/4.9.x/../../../../i686-linux-android/bin/ld" --sysroot=/home/sam/android-ndk-r13b/platforms/android-23/arch-x86 -pie -z relro --build-id --eh-frame-hdr -m elf_i386 -dynamic-linker /system/bin/linker -o cmTC_bd74e /home/sam/android-ndk-r13b/platforms/android-23/arch-x86/usr/lib/crtbegin_dynamic.o -L/home/sam/android-ndk-r13b/toolchains/x86-4.9/prebuilt/linux-x86_64/lib/gcc/i686-linux-android/4.9.x -L/home/sam/android-ndk-r13b/toolchains/x86-4.9/prebuilt/linux-x86_64/lib/gcc/i686-linux-android/4.9.x/../../../../i686-linux-android/lib -L/home/sam/android-ndk-r13b/platforms/android-23/arch-x86/usr/lib --build-id --warn-shared-textrel --fatal-warnings --no-undefined -z noexecstack -z relro -z now --gc-sections -z nocopyreloc --build-id --warn-shared-textrel --fatal-warnings --no-undefined -z noexecstack -z relro -z now --gc-sections -z nocopyreloc CMakeFiles/cmTC_bd74e.dir/CMakeCCompilerABI.c.o -lgcc -ldl -lc -lgcc -ldl /home/sam/android-ndk-r13b/platforms/android-23/arch-x86/usr/lib/crtend_android.o]
    arg [/home/sam/android-ndk-r13b/toolchains/x86-4.9/prebuilt/linux-x86_64/lib/gcc/i686-linux-android/4.9.x/../../../../i686-linux-android/bin/ld] ==> ignore
    arg [--sysroot=/home/sam/android-ndk-r13b/platforms/android-23/arch-x86] ==> ignore
    arg [-pie] ==> ignore
    arg [-zrelro] ==> ignore
    arg [--build-id] ==> ignore
    arg [--eh-frame-hdr] ==> ignore
    arg [-m] ==> ignore
    arg [elf_i386] ==> ignore
    arg [-dynamic-linker] ==> ignore
    arg [/system/bin/linker] ==> ignore
    arg [-o] ==> ignore
    arg [cmTC_bd74e] ==> ignore
    arg [/home/sam/android-ndk-r13b/platforms/android-23/arch-x86/usr/lib/crtbegin_dynamic.o] ==> ignore
    arg [-L/home/sam/android-ndk-r13b/toolchains/x86-4.9/prebuilt/linux-x86_64/lib/gcc/i686-linux-android/4.9.x] ==> dir [/home/sam/android-ndk-r13b/toolchains/x86-4.9/prebuilt/linux-x86_64/lib/gcc/i686-linux-android/4.9.x]
    arg [-L/home/sam/android-ndk-r13b/toolchains/x86-4.9/prebuilt/linux-x86_64/lib/gcc/i686-linux-android/4.9.x/../../../../i686-linux-android/lib] ==> dir [/home/sam/android-ndk-r13b/toolchains/x86-4.9/prebuilt/linux-x86_64/lib/gcc/i686-linux-android/4.9.x/../../../../i686-linux-android/lib]
    arg [-L/home/sam/android-ndk-r13b/platforms/android-23/arch-x86/usr/lib] ==> dir [/home/sam/android-ndk-r13b/platforms/android-23/arch-x86/usr/lib]
    arg [--build-id] ==> ignore
    arg [--warn-shared-textrel] ==> ignore
    arg [--fatal-warnings] ==> ignore
    arg [--no-undefined] ==> ignore
    arg [-znoexecstack] ==> ignore
    arg [-zrelro] ==> ignore
    arg [-znow] ==> ignore
    arg [--gc-sections] ==> ignore
    arg [-znocopyreloc] ==> ignore
    arg [--build-id] ==> ignore
    arg [--warn-shared-textrel] ==> ignore
    arg [--fatal-warnings] ==> ignore
    arg [--no-undefined] ==> ignore
    arg [-znoexecstack] ==> ignore
    arg [-zrelro] ==> ignore
    arg [-znow] ==> ignore
    arg [--gc-sections] ==> ignore
    arg [-znocopyreloc] ==> ignore
    arg [CMakeFiles/cmTC_bd74e.dir/CMakeCCompilerABI.c.o] ==> ignore
    arg [-lgcc] ==> lib [gcc]
    arg [-ldl] ==> lib [dl]
    arg [-lc] ==> lib [c]
    arg [-lgcc] ==> lib [gcc]
    arg [-ldl] ==> lib [dl]
    arg [/home/sam/android-ndk-r13b/platforms/android-23/arch-x86/usr/lib/crtend_android.o] ==> ignore
  collapse library dir [/home/sam/android-ndk-r13b/toolchains/x86-4.9/prebuilt/linux-x86_64/lib/gcc/i686-linux-android/4.9.x] ==> [/home/sam/android-ndk-r13b/toolchains/x86-4.9/prebuilt/linux-x86_64/lib/gcc/i686-linux-android/4.9.x]
  collapse library dir [/home/sam/android-ndk-r13b/toolchains/x86-4.9/prebuilt/linux-x86_64/lib/gcc/i686-linux-android/4.9.x/../../../../i686-linux-android/lib] ==> [/home/sam/android-ndk-r13b/toolchains/x86-4.9/prebuilt/linux-x86_64/i686-linux-android/lib]
  collapse library dir [/home/sam/android-ndk-r13b/platforms/android-23/arch-x86/usr/lib] ==> [/home/sam/android-ndk-r13b/platforms/android-23/arch-x86/usr/lib]
  implicit libs: [gcc;dl;c;gcc;dl]
  implicit dirs: [/home/sam/android-ndk-r13b/toolchains/x86-4.9/prebuilt/linux-x86_64/lib/gcc/i686-linux-android/4.9.x;/home/sam/android-ndk-r13b/toolchains/x86-4.9/prebuilt/linux-x86_64/i686-linux-android/lib;/home/sam/android-ndk-r13b/platforms/android-23/arch-x86/usr/lib]
  implicit fwks: []


Determining if the CXX compiler works passed with the following output:
Change Dir: /home/sam/AssimpAndroid-master/HelloJNI/app/.cxx/cmake/x86Release/x86/CMakeFiles/CMakeTmp

Run Build Command:"/home/sam/Android/Sdk/cmake/3.10.2.4988404/bin/ninja" "cmTC_4d83e"
[1/2] Building CXX object CMakeFiles/cmTC_4d83e.dir/testCXXCompiler.cxx.o
clang++: warning: -Z-reserved-lib-stdc++: 'linker' input unused
clang++: warning: -lEGL: 'linker' input unused
[2/2] Linking CXX executable cmTC_4d83e


Detecting CXX compiler ABI info compiled with the following output:
Change Dir: /home/sam/AssimpAndroid-master/HelloJNI/app/.cxx/cmake/x86Release/x86/CMakeFiles/CMakeTmp

Run Build Command:"/home/sam/Android/Sdk/cmake/3.10.2.4988404/bin/ninja" "cmTC_3662f"
[1/2] Building CXX object CMakeFiles/cmTC_3662f.dir/CMakeCXXCompilerABI.cpp.o
clang++: warning: -Z-reserved-lib-stdc++: 'linker' input unused
clang++: warning: -lEGL: 'linker' input unused
[2/2] Linking CXX executable cmTC_3662f
Android clang version 3.8.256229  (based on LLVM 3.8.256229)
Target: i686-none-linux-android
Thread model: posix
InstalledDir: /home/sam/android-ndk-r13b/toolchains/llvm/prebuilt/linux-x86_64/bin
Found candidate GCC installation: /home/sam/android-ndk-r13b/toolchains/x86-4.9/prebuilt/linux-x86_64/lib/gcc/i686-linux-android/4.9.x
Selected GCC installation: /home/sam/android-ndk-r13b/toolchains/x86-4.9/prebuilt/linux-x86_64/lib/gcc/i686-linux-android/4.9.x
Candidate multilib: .;@m32
Selected multilib: .;@m32
 "/home/sam/android-ndk-r13b/toolchains/x86-4.9/prebuilt/linux-x86_64/lib/gcc/i686-linux-android/4.9.x/../../../../i686-linux-android/bin/ld" --sysroot=/home/sam/android-ndk-r13b/platforms/android-23/arch-x86 -pie -z relro --build-id --eh-frame-hdr -m elf_i386 -dynamic-linker /system/bin/linker -o cmTC_3662f /home/sam/android-ndk-r13b/platforms/android-23/arch-x86/usr/lib/crtbegin_dynamic.o -L/home/sam/android-ndk-r13b/toolchains/x86-4.9/prebuilt/linux-x86_64/lib/gcc/i686-linux-android/4.9.x -L/home/sam/android-ndk-r13b/toolchains/x86-4.9/prebuilt/linux-x86_64/lib/gcc/i686-linux-android/4.9.x/../../../../i686-linux-android/lib -L/home/sam/android-ndk-r13b/platforms/android-23/arch-x86/usr/lib -lstdc++ -lEGL --build-id --warn-shared-textrel --fatal-warnings --no-undefined -z noexecstack -z relro -z now --gc-sections -z nocopyreloc --build-id --warn-shared-textrel --fatal-warnings --no-undefined -z noexecstack -z relro -z now --gc-sections -z nocopyreloc CMakeFiles/cmTC_3662f.dir/CMakeCXXCompilerABI.cpp.o -lstdc++ -lm -lgcc -lgcc -ldl -lc -lgcc -lgcc -ldl /home/sam/android-ndk-r13b/platforms/android-23/arch-x86/usr/lib/crtend_android.o


Parsed CXX implicit link information from above output:
  link line regex: [^( *|.*[/\])(i686-linux-android-ld|CMAKE_LINK_STARTFILE-NOTFOUND|([^/\]+-)?ld|collect2)[^/\]*( |$)]
  ignore line: [Change Dir: /home/sam/AssimpAndroid-master/HelloJNI/app/.cxx/cmake/x86Release/x86/CMakeFiles/CMakeTmp]
  ignore line: []
  ignore line: [Run Build Command:"/home/sam/Android/Sdk/cmake/3.10.2.4988404/bin/ninja" "cmTC_3662f"]
  ignore line: [[1/2] Building CXX object CMakeFiles/cmTC_3662f.dir/CMakeCXXCompilerABI.cpp.o]
  ignore line: [clang++: warning: -Z-reserved-lib-stdc++: 'linker' input unused]
  ignore line: [clang++: warning: -lEGL: 'linker' input unused]
  ignore line: [[2/2] Linking CXX executable cmTC_3662f]
  ignore line: [Android clang version 3.8.256229  (based on LLVM 3.8.256229)]
  ignore line: [Target: i686-none-linux-android]
  ignore line: [Thread model: posix]
  ignore line: [InstalledDir: /home/sam/android-ndk-r13b/toolchains/llvm/prebuilt/linux-x86_64/bin]
  ignore line: [Found candidate GCC installation: /home/sam/android-ndk-r13b/toolchains/x86-4.9/prebuilt/linux-x86_64/lib/gcc/i686-linux-android/4.9.x]
  ignore line: [Selected GCC installation: /home/sam/android-ndk-r13b/toolchains/x86-4.9/prebuilt/linux-x86_64/lib/gcc/i686-linux-android/4.9.x]
  ignore line: [Candidate multilib: .]
  ignore line: [@m32]
  ignore line: [Selected multilib: .]
  ignore line: [@m32]
  link line: [ "/home/sam/android-ndk-r13b/toolchains/x86-4.9/prebuilt/linux-x86_64/lib/gcc/i686-linux-android/4.9.x/../../../../i686-linux-android/bin/ld" --sysroot=/home/sam/android-ndk-r13b/platforms/android-23/arch-x86 -pie -z relro --build-id --eh-frame-hdr -m elf_i386 -dynamic-linker /system/bin/linker -o cmTC_3662f /home/sam/android-ndk-r13b/platforms/android-23/arch-x86/usr/lib/crtbegin_dynamic.o -L/home/sam/android-ndk-r13b/toolchains/x86-4.9/prebuilt/linux-x86_64/lib/gcc/i686-linux-android/4.9.x -L/home/sam/android-ndk-r13b/toolchains/x86-4.9/prebuilt/linux-x86_64/lib/gcc/i686-linux-android/4.9.x/../../../../i686-linux-android/lib -L/home/sam/android-ndk-r13b/platforms/android-23/arch-x86/usr/lib -lstdc++ -lEGL --build-id --warn-shared-textrel --fatal-warnings --no-undefined -z noexecstack -z relro -z now --gc-sections -z nocopyreloc --build-id --warn-shared-textrel --fatal-warnings --no-undefined -z noexecstack -z relro -z now --gc-sections -z nocopyreloc CMakeFiles/cmTC_3662f.dir/CMakeCXXCompilerABI.cpp.o -lstdc++ -lm -lgcc -lgcc -ldl -lc -lgcc -lgcc -ldl /home/sam/android-ndk-r13b/platforms/android-23/arch-x86/usr/lib/crtend_android.o]
    arg [/home/sam/android-ndk-r13b/toolchains/x86-4.9/prebuilt/linux-x86_64/lib/gcc/i686-linux-android/4.9.x/../../../../i686-linux-android/bin/ld] ==> ignore
    arg [--sysroot=/home/sam/android-ndk-r13b/platforms/android-23/arch-x86] ==> ignore
    arg [-pie] ==> ignore
    arg [-zrelro] ==> ignore
    arg [--build-id] ==> ignore
    arg [--eh-frame-hdr] ==> ignore
    arg [-m] ==> ignore
    arg [elf_i386] ==> ignore
    arg [-dynamic-linker] ==> ignore
    arg [/system/bin/linker] ==> ignore
    arg [-o] ==> ignore
    arg [cmTC_3662f] ==> ignore
    arg [/home/sam/android-ndk-r13b/platforms/android-23/arch-x86/usr/lib/crtbegin_dynamic.o] ==> ignore
    arg [-L/home/sam/android-ndk-r13b/toolchains/x86-4.9/prebuilt/linux-x86_64/lib/gcc/i686-linux-android/4.9.x] ==> dir [/home/sam/android-ndk-r13b/toolchains/x86-4.9/prebuilt/linux-x86_64/lib/gcc/i686-linux-android/4.9.x]
    arg [-L/home/sam/android-ndk-r13b/toolchains/x86-4.9/prebuilt/linux-x86_64/lib/gcc/i686-linux-android/4.9.x/../../../../i686-linux-android/lib] ==> dir [/home/sam/android-ndk-r13b/toolchains/x86-4.9/prebuilt/linux-x86_64/lib/gcc/i686-linux-android/4.9.x/../../../../i686-linux-android/lib]
    arg [-L/home/sam/android-ndk-r13b/platforms/android-23/arch-x86/usr/lib] ==> dir [/home/sam/android-ndk-r13b/platforms/android-23/arch-x86/usr/lib]
    arg [-lstdc++] ==> lib [stdc++]
    arg [-lEGL] ==> lib [EGL]
    arg [--build-id] ==> ignore
    arg [--warn-shared-textrel] ==> ignore
    arg [--fatal-warnings] ==> ignore
    arg [--no-undefined] ==> ignore
    arg [-znoexecstack] ==> ignore
    arg [-zrelro] ==> ignore
    arg [-znow] ==> ignore
    arg [--gc-sections] ==> ignore
    arg [-znocopyreloc] ==> ignore
    arg [--build-id] ==> ignore
    arg [--warn-shared-textrel] ==> ignore
    arg [--fatal-warnings] ==> ignore
    arg [--no-undefined] ==> ignore
    arg [-znoexecstack] ==> ignore
    arg [-zrelro] ==> ignore
    arg [-znow] ==> ignore
    arg [--gc-sections] ==> ignore
    arg [-znocopyreloc] ==> ignore
    arg [CMakeFiles/cmTC_3662f.dir/CMakeCXXCompilerABI.cpp.o] ==> ignore
    arg [-lstdc++] ==> lib [stdc++]
    arg [-lm] ==> lib [m]
    arg [-lgcc] ==> lib [gcc]
    arg [-lgcc] ==> lib [gcc]
    arg [-ldl] ==> lib [dl]
    arg [-lc] ==> lib [c]
    arg [-lgcc] ==> lib [gcc]
    arg [-lgcc] ==> lib [gcc]
    arg [-ldl] ==> lib [dl]
    arg [/home/sam/android-ndk-r13b/platforms/android-23/arch-x86/usr/lib/crtend_android.o] ==> ignore
  collapse library dir [/home/sam/android-ndk-r13b/toolchains/x86-4.9/prebuilt/linux-x86_64/lib/gcc/i686-linux-android/4.9.x] ==> [/home/sam/android-ndk-r13b/toolchains/x86-4.9/prebuilt/linux-x86_64/lib/gcc/i686-linux-android/4.9.x]
  collapse library dir [/home/sam/android-ndk-r13b/toolchains/x86-4.9/prebuilt/linux-x86_64/lib/gcc/i686-linux-android/4.9.x/../../../../i686-linux-android/lib] ==> [/home/sam/android-ndk-r13b/toolchains/x86-4.9/prebuilt/linux-x86_64/i686-linux-android/lib]
  collapse library dir [/home/sam/android-ndk-r13b/platforms/android-23/arch-x86/usr/lib] ==> [/home/sam/android-ndk-r13b/platforms/android-23/arch-x86/usr/lib]
  implicit libs: [stdc++;EGL;stdc++;m;gcc;gcc;dl;c;gcc;gcc;dl]
  implicit dirs: [/home/sam/android-ndk-r13b/toolchains/x86-4.9/prebuilt/linux-x86_64/lib/gcc/i686-linux-android/4.9.x;/home/sam/android-ndk-r13b/toolchains/x86-4.9/prebuilt/linux-x86_64/i686-linux-android/lib;/home/sam/android-ndk-r13b/platforms/android-23/arch-x86/usr/lib]
  implicit fwks: []


